{
  "RSpec": {
    "coverage": {
      "/Users/markhoad/code/rails/paycheck/app/models/user.rb": [
        1,
        null,
        null,
        null,
        1,
        null,
        null
      ],
      "/Users/markhoad/code/rails/paycheck/app/helpers/application_helper.rb": [
        1,
        null,
        null
      ],
      "/Users/markhoad/code/rails/paycheck/app/helpers/categories_helper.rb": [
        1,
        null
      ],
      "/Users/markhoad/code/rails/paycheck/app/helpers/static_pages_helper.rb": [
        1,
        null
      ],
      "/Users/markhoad/code/rails/paycheck/app/controllers/categories_controller.rb": [
        1,
        1,
        null,
        1,
        1,
        null,
        null,
        1,
        11,
        11,
        null,
        null,
        1,
        10,
        10,
        null,
        null,
        1,
        6,
        6,
        4,
        4,
        null,
        2,
        null,
        null,
        null,
        1,
        8,
        null,
        null,
        1,
        4,
        4,
        4,
        2,
        2,
        null,
        2,
        null,
        null,
        null,
        1,
        1,
        1,
        1,
        null,
        null,
        1,
        null,
        null,
        null,
        1,
        10,
        null,
        null,
        1,
        36,
        7,
        7,
        null,
        null,
        null,
        null
      ],
      "/Users/markhoad/code/rails/paycheck/app/controllers/application_controller.rb": [
        1,
        null,
        null,
        1,
        1,
        null,
        1,
        null,
        1,
        219,
        null,
        null,
        null
      ],
      "/Users/markhoad/code/rails/paycheck/app/controllers/static_pages_controller.rb": [
        1,
        1,
        null,
        null,
        null,
        1,
        null,
        null,
        null,
        1,
        null,
        null,
        null,
        1,
        null,
        null,
        null
      ],
      "/Users/markhoad/code/rails/paycheck/app/models/category.rb": [
        1,
        1,
        1,
        null,
        1,
        1,
        1,
        null,
        36,
        null,
        null,
        null
      ]
    },
    "timestamp": 1376391875
  },
  "Cucumber Features": {
    "coverage": {
      "/Users/Mark/there-goes-my-paycheck/app/models/user.rb": [
        1,
        null,
        null,
        null,
        1,
        null,
        null
      ],
      "/Users/Mark/there-goes-my-paycheck/app/helpers/application_helper.rb": [
        1,
        null,
        null
      ],
      "/Users/Mark/there-goes-my-paycheck/app/helpers/categories_helper.rb": [
        1,
        null
      ],
      "/Users/Mark/there-goes-my-paycheck/app/helpers/static_pages_helper.rb": [
        1,
        null
      ],
      "/Users/Mark/there-goes-my-paycheck/app/controllers/categories_controller.rb": [
        1,
        1,
        null,
        1,
        11,
        11,
        null,
        null,
        1,
        10,
        10,
        null,
        null,
        1,
        6,
        6,
        4,
        4,
        null,
        2,
        null,
        null,
        null,
        1,
        8,
        null,
        null,
        1,
        4,
        4,
        4,
        2,
        2,
        null,
        2,
        null,
        null,
        null,
        1,
        1,
        1,
        1,
        null,
        null,
        1,
        null,
        null,
        null,
        1,
        10,
        null,
        null,
        1,
        36,
        7,
        7,
        null,
        null,
        null,
        null
      ],
      "/Users/Mark/there-goes-my-paycheck/app/controllers/application_controller.rb": [
        1,
        null,
        null,
        1,
        1,
        null,
        1,
        null,
        1,
        219,
        null,
        null,
        null
      ],
      "/Users/Mark/there-goes-my-paycheck/app/controllers/static_pages_controller.rb": [
        1,
        1,
        null,
        null,
        null,
        1,
        null,
        null,
        null,
        1,
        null,
        null,
        null,
        1,
        null,
        null,
        null
      ],
      "/Users/Mark/there-goes-my-paycheck/app/models/category.rb": [
        1,
        1,
        1,
        null,
        1,
        1,
        1,
        null,
        36,
        null,
        null,
        null
      ]
    },
    "timestamp": 1377578190
  }
}
