{
  "RSpec": {
    "coverage": {
      "/Users/Mark/there-goes-my-paycheck/app/models/user.rb": [
        null,
        null,
        null,
        null,
        null,
        null,
        null,
        null,
        null,
        null,
        null,
        null,
        null,
        null,
        null,
        null,
        null,
        null,
        null,
        null,
        1,
        null,
        null,
        null,
        1,
        null,
        null
      ],
      "/Users/Mark/there-goes-my-paycheck/app/helpers/application_helper.rb": [
        1,
        null,
        null
      ],
      "/Users/Mark/there-goes-my-paycheck/app/helpers/categories_helper.rb": [
        1,
        null
      ],
      "/Users/Mark/there-goes-my-paycheck/app/helpers/products_helper.rb": [
        1,
        null
      ],
      "/Users/Mark/there-goes-my-paycheck/app/helpers/static_pages_helper.rb": [
        1,
        null
      ],
      "/Users/Mark/there-goes-my-paycheck/app/controllers/categories_controller.rb": [
        1,
        1,
        null,
        1,
        9,
        9,
        null,
        null,
        1,
        10,
        10,
        null,
        null,
        1,
        6,
        6,
        4,
        4,
        null,
        2,
        null,
        null,
        null,
        1,
        0,
        null,
        null,
        1,
        0,
        0,
        0,
        0,
        0,
        null,
        0,
        null,
        null,
        null,
        1,
        1,
        1,
        1,
        null,
        null,
        1,
        null,
        null,
        null,
        1,
        6,
        null,
        null,
        1,
        21,
        4,
        4,
        null,
        null,
        null,
        null
      ],
      "/Users/Mark/there-goes-my-paycheck/app/controllers/application_controller.rb": [
        1,
        null,
        null,
        1,
        1,
        null,
        1,
        null,
        1,
        251,
        null,
        null,
        null
      ],
      "/Users/Mark/there-goes-my-paycheck/app/controllers/products_controller.rb": [
        1,
        1,
        9,
        9,
        null,
        null,
        1,
        5,
        5,
        5,
        5,
        5,
        null,
        0,
        null,
        null,
        null,
        1,
        null,
        11,
        null,
        null,
        1,
        null,
        null,
        null,
        1,
        5,
        null,
        null
      ],
      "/Users/Mark/there-goes-my-paycheck/app/controllers/static_pages_controller.rb": [
        1,
        1,
        null,
        null,
        null,
        1,
        null,
        null,
        null,
        1,
        null,
        null,
        null,
        1,
        null,
        null,
        null
      ],
      "/Users/Mark/there-goes-my-paycheck/app/models/category.rb": [
        null,
        null,
        null,
        null,
        null,
        null,
        null,
        null,
        null,
        null,
        null,
        null,
        1,
        1,
        1,
        1,
        null,
        null,
        1,
        1,
        1,
        null,
        37,
        null,
        null,
        null
      ],
      "/Users/Mark/there-goes-my-paycheck/app/models/product.rb": [
        null,
        null,
        null,
        null,
        null,
        null,
        null,
        null,
        null,
        null,
        null,
        null,
        null,
        1,
        1,
        null,
        1,
        null,
        1,
        1,
        null,
        19,
        null,
        null,
        1,
        null
      ]
    },
    "timestamp": 1377689699
  },
  "Cucumber Features": {
    "coverage": {
      "/Users/Mark/there-goes-my-paycheck/app/models/user.rb": [
        null,
        null,
        null,
        null,
        null,
        null,
        null,
        null,
        null,
        null,
        null,
        null,
        null,
        null,
        null,
        null,
        null,
        null,
        null,
        null,
        1,
        null,
        null,
        null,
        1,
        null,
        null
      ],
      "/Users/Mark/there-goes-my-paycheck/app/helpers/application_helper.rb": [
        1,
        null,
        null
      ],
      "/Users/Mark/there-goes-my-paycheck/app/helpers/categories_helper.rb": [
        1,
        null
      ],
      "/Users/Mark/there-goes-my-paycheck/app/helpers/products_helper.rb": [
        1,
        null
      ],
      "/Users/Mark/there-goes-my-paycheck/app/helpers/static_pages_helper.rb": [
        1,
        null
      ],
      "/Users/Mark/there-goes-my-paycheck/app/controllers/categories_controller.rb": [
        1,
        1,
        null,
        1,
        11,
        11,
        null,
        null,
        1,
        10,
        10,
        null,
        null,
        1,
        6,
        6,
        4,
        4,
        null,
        2,
        null,
        null,
        null,
        1,
        8,
        null,
        null,
        1,
        4,
        4,
        4,
        2,
        2,
        null,
        2,
        null,
        null,
        null,
        1,
        1,
        1,
        1,
        null,
        null,
        1,
        null,
        null,
        null,
        1,
        10,
        null,
        null,
        1,
        36,
        7,
        7,
        null,
        null,
        null,
        null
      ],
      "/Users/Mark/there-goes-my-paycheck/app/controllers/application_controller.rb": [
        1,
        null,
        null,
        1,
        1,
        null,
        1,
        null,
        1,
        265,
        null,
        null,
        null
      ],
      "/Users/Mark/there-goes-my-paycheck/app/controllers/products_controller.rb": [
        1,
        1,
        1,
        null,
        1,
        9,
        null,
        null,
        1,
        5,
        5,
        5,
        5,
        null,
        0,
        null,
        null,
        null,
        1,
        null,
        null,
        null,
        1,
        null,
        null,
        null,
        1,
        5,
        null,
        null,
        1,
        19,
        null,
        null,
        1,
        5,
        null,
        null
      ],
      "/Users/Mark/there-goes-my-paycheck/app/controllers/static_pages_controller.rb": [
        1,
        1,
        null,
        null,
        null,
        1,
        null,
        null,
        null,
        1,
        null,
        null,
        null,
        1,
        null,
        null,
        null
      ],
      "/Users/Mark/there-goes-my-paycheck/app/models/category.rb": [
        null,
        null,
        null,
        null,
        null,
        null,
        null,
        null,
        null,
        null,
        null,
        null,
        1,
        1,
        1,
        1,
        null,
        null,
        1,
        1,
        1,
        null,
        45,
        null,
        null,
        null
      ],
      "/Users/Mark/there-goes-my-paycheck/app/models/product.rb": [
        null,
        null,
        null,
        null,
        null,
        null,
        null,
        null,
        null,
        null,
        null,
        null,
        null,
        1,
        1,
        null,
        1,
        null,
        1,
        1,
        null,
        19,
        null,
        null,
        1,
        null
      ]
    },
    "timestamp": 1377789349
  }
}
